<?xml version="1.0" encoding="UTF-8"?>
<testng-results ignored="0" total="1" passed="1" failed="0" skipped="0">
  <reporter-output>
  </reporter-output>
  <suite started-at="2023-06-28T15:18:23 IST" name="CrossbrowserSuite" finished-at="2023-06-28T15:18:33 IST" duration-ms="10598">
    <groups>
    </groups>
    <test started-at="2023-06-28T15:18:23 IST" name="ChromeTest" finished-at="2023-06-28T15:18:33 IST" duration-ms="10598">
      <class name="testCase.TC_001_AccountRegistration">
        <test-method is-config="true" signature="setup(java.lang.String)[pri:0, instance:testCase.TC_001_AccountRegistration@1b1426f4]" started-at="2023-06-28T15:18:23 IST" name="setup" finished-at="2023-06-28T15:18:31 IST" duration-ms="7857" status="PASS">
          <params>
            <param index="0">
              <value>
                <![CDATA[chrome]]>
              </value>
            </param>
          </params>
          <reporter-output>
          </reporter-output>
        </test-method> <!-- setup -->
        <test-method signature="Account_register()[pri:0, instance:testCase.TC_001_AccountRegistration@1b1426f4]" started-at="2023-06-28T15:18:31 IST" name="Account_register" finished-at="2023-06-28T15:18:33 IST" duration-ms="2103" status="PASS">
          <reporter-output>
          </reporter-output>
        </test-method> <!-- Account_register -->
        <test-method is-config="true" signature="teardown()[pri:0, instance:testCase.TC_001_AccountRegistration@1b1426f4]" started-at="2023-06-28T15:18:33 IST" name="teardown" finished-at="2023-06-28T15:18:33 IST" duration-ms="286" status="PASS">
          <reporter-output>
          </reporter-output>
        </test-method> <!-- teardown -->
      </class> <!-- testCase.TC_001_AccountRegistration -->
    </test> <!-- ChromeTest -->
  </suite> <!-- CrossbrowserSuite -->
</testng-results>
